This is pdfTeX, Version 3.14159265-2.6-1.40.16 (MiKTeX 2.9 64-bit) (preloaded format=pdflatex 2016.1.13)  18 JAN 2016 15:45
entering extended mode
**./paperproposal.tex
(paperproposal.tex
LaTeX2e <2015/10/01> patch level 2
Babel <3.9m> and hyphenation patterns for 69 languages loaded.
("C:\Users\khkimmo\AppData\Local\Programs\MiKTeX 2.9\tex\latex\base\article.cls
"
Document Class: article 2014/09/29 v1.4h Standard LaTeX document class
("C:\Users\khkimmo\AppData\Local\Programs\MiKTeX 2.9\tex\latex\base\size10.clo"
File: size10.clo 2014/09/29 v1.4h Standard LaTeX file (size option)
)
\c@part=\count79
\c@section=\count80
\c@subsection=\count81
\c@subsubsection=\count82
\c@paragraph=\count83
\c@subparagraph=\count84
\c@figure=\count85
\c@table=\count86
\abovecaptionskip=\skip41
\belowcaptionskip=\skip42
\bibindent=\dimen102
)
("C:\Users\khkimmo\AppData\Local\Programs\MiKTeX 2.9\tex\latex\base\inputenc.st
y"
Package: inputenc 2015/03/17 v1.2c Input encoding file
\inpenc@prehook=\toks14
\inpenc@posthook=\toks15
 ("C:\Users\khkimmo\AppData\Local\Programs\MiKTeX 2.9\tex\latex\base\utf8.def"
File: utf8.def 2015/09/07 v1.1p UTF-8 support for inputenc
Now handling font encoding OML ...
... no UTF-8 mapping file for font encoding OML
Now handling font encoding T1 ...
... processing UTF-8 mapping file for font encoding T1
 ("C:\Users\khkimmo\AppData\Local\Programs\MiKTeX 2.9\tex\latex\base\t1enc.dfu"
File: t1enc.dfu 2015/09/07 v1.1p UTF-8 support for inputenc
   defining Unicode char U+00A0 (decimal 160)
   defining Unicode char U+00A1 (decimal 161)
   defining Unicode char U+00A3 (decimal 163)
   defining Unicode char U+00AB (decimal 171)
   defining Unicode char U+00AD (decimal 173)
   defining Unicode char U+00BB (decimal 187)
   defining Unicode char U+00BF (decimal 191)
   defining Unicode char U+00C0 (decimal 192)
   defining Unicode char U+00C1 (decimal 193)
   defining Unicode char U+00C2 (decimal 194)
   defining Unicode char U+00C3 (decimal 195)
   defining Unicode char U+00C4 (decimal 196)
   defining Unicode char U+00C5 (decimal 197)
   defining Unicode char U+00C6 (decimal 198)
   defining Unicode char U+00C7 (decimal 199)
   defining Unicode char U+00C8 (decimal 200)
   defining Unicode char U+00C9 (decimal 201)
   defining Unicode char U+00CA (decimal 202)
   defining Unicode char U+00CB (decimal 203)
   defining Unicode char U+00CC (decimal 204)
   defining Unicode char U+00CD (decimal 205)
   defining Unicode char U+00CE (decimal 206)
   defining Unicode char U+00CF (decimal 207)
   defining Unicode char U+00D0 (decimal 208)
   defining Unicode char U+00D1 (decimal 209)
   defining Unicode char U+00D2 (decimal 210)
   defining Unicode char U+00D3 (decimal 211)
   defining Unicode char U+00D4 (decimal 212)
   defining Unicode char U+00D5 (decimal 213)
   defining Unicode char U+00D6 (decimal 214)
   defining Unicode char U+00D8 (decimal 216)
   defining Unicode char U+00D9 (decimal 217)
   defining Unicode char U+00DA (decimal 218)
   defining Unicode char U+00DB (decimal 219)
   defining Unicode char U+00DC (decimal 220)
   defining Unicode char U+00DD (decimal 221)
   defining Unicode char U+00DE (decimal 222)
   defining Unicode char U+00DF (decimal 223)
   defining Unicode char U+00E0 (decimal 224)
   defining Unicode char U+00E1 (decimal 225)
   defining Unicode char U+00E2 (decimal 226)
   defining Unicode char U+00E3 (decimal 227)
   defining Unicode char U+00E4 (decimal 228)
   defining Unicode char U+00E5 (decimal 229)
   defining Unicode char U+00E6 (decimal 230)
   defining Unicode char U+00E7 (decimal 231)
   defining Unicode char U+00E8 (decimal 232)
   defining Unicode char U+00E9 (decimal 233)
   defining Unicode char U+00EA (decimal 234)
   defining Unicode char U+00EB (decimal 235)
   defining Unicode char U+00EC (decimal 236)
   defining Unicode char U+00ED (decimal 237)
   defining Unicode char U+00EE (decimal 238)
   defining Unicode char U+00EF (decimal 239)
   defining Unicode char U+00F0 (decimal 240)
   defining Unicode char U+00F1 (decimal 241)
   defining Unicode char U+00F2 (decimal 242)
   defining Unicode char U+00F3 (decimal 243)
   defining Unicode char U+00F4 (decimal 244)
   defining Unicode char U+00F5 (decimal 245)
   defining Unicode char U+00F6 (decimal 246)
   defining Unicode char U+00F8 (decimal 248)
   defining Unicode char U+00F9 (decimal 249)
   defining Unicode char U+00FA (decimal 250)
   defining Unicode char U+00FB (decimal 251)
   defining Unicode char U+00FC (decimal 252)
   defining Unicode char U+00FD (decimal 253)
   defining Unicode char U+00FE (decimal 254)
   defining Unicode char U+00FF (decimal 255)
   defining Unicode char U+0102 (decimal 258)
   defining Unicode char U+0103 (decimal 259)
   defining Unicode char U+0104 (decimal 260)
   defining Unicode char U+0105 (decimal 261)
   defining Unicode char U+0106 (decimal 262)
   defining Unicode char U+0107 (decimal 263)
   defining Unicode char U+010C (decimal 268)
   defining Unicode char U+010D (decimal 269)
   defining Unicode char U+010E (decimal 270)
   defining Unicode char U+010F (decimal 271)
   defining Unicode char U+0110 (decimal 272)
   defining Unicode char U+0111 (decimal 273)
   defining Unicode char U+0118 (decimal 280)
   defining Unicode char U+0119 (decimal 281)
   defining Unicode char U+011A (decimal 282)
   defining Unicode char U+011B (decimal 283)
   defining Unicode char U+011E (decimal 286)
   defining Unicode char U+011F (decimal 287)
   defining Unicode char U+0130 (decimal 304)
   defining Unicode char U+0131 (decimal 305)
   defining Unicode char U+0132 (decimal 306)
   defining Unicode char U+0133 (decimal 307)
   defining Unicode char U+0139 (decimal 313)
   defining Unicode char U+013A (decimal 314)
   defining Unicode char U+013D (decimal 317)
   defining Unicode char U+013E (decimal 318)
   defining Unicode char U+0141 (decimal 321)
   defining Unicode char U+0142 (decimal 322)
   defining Unicode char U+0143 (decimal 323)
   defining Unicode char U+0144 (decimal 324)
   defining Unicode char U+0147 (decimal 327)
   defining Unicode char U+0148 (decimal 328)
   defining Unicode char U+014A (decimal 330)
   defining Unicode char U+014B (decimal 331)
   defining Unicode char U+0150 (decimal 336)
   defining Unicode char U+0151 (decimal 337)
   defining Unicode char U+0152 (decimal 338)
   defining Unicode char U+0153 (decimal 339)
   defining Unicode char U+0154 (decimal 340)
   defining Unicode char U+0155 (decimal 341)
   defining Unicode char U+0158 (decimal 344)
   defining Unicode char U+0159 (decimal 345)
   defining Unicode char U+015A (decimal 346)
   defining Unicode char U+015B (decimal 347)
   defining Unicode char U+015E (decimal 350)
   defining Unicode char U+015F (decimal 351)
   defining Unicode char U+0160 (decimal 352)
   defining Unicode char U+0161 (decimal 353)
   defining Unicode char U+0162 (decimal 354)
   defining Unicode char U+0163 (decimal 355)
   defining Unicode char U+0164 (decimal 356)
   defining Unicode char U+0165 (decimal 357)
   defining Unicode char U+016E (decimal 366)
   defining Unicode char U+016F (decimal 367)
   defining Unicode char U+0170 (decimal 368)
   defining Unicode char U+0171 (decimal 369)
   defining Unicode char U+0174 (decimal 372)
   defining Unicode char U+0175 (decimal 373)
   defining Unicode char U+0176 (decimal 374)
   defining Unicode char U+0177 (decimal 375)
   defining Unicode char U+0178 (decimal 376)
   defining Unicode char U+0179 (decimal 377)
   defining Unicode char U+017A (decimal 378)
   defining Unicode char U+017B (decimal 379)
   defining Unicode char U+017C (decimal 380)
   defining Unicode char U+017D (decimal 381)
   defining Unicode char U+017E (decimal 382)
   defining Unicode char U+0218 (decimal 536)
   defining Unicode char U+0219 (decimal 537)
   defining Unicode char U+021A (decimal 538)
   defining Unicode char U+021B (decimal 539)
   defining Unicode char U+200C (decimal 8204)
   defining Unicode char U+2013 (decimal 8211)
   defining Unicode char U+2014 (decimal 8212)
   defining Unicode char U+2018 (decimal 8216)
   defining Unicode char U+2019 (decimal 8217)
   defining Unicode char U+201A (decimal 8218)
   defining Unicode char U+201C (decimal 8220)
   defining Unicode char U+201D (decimal 8221)
   defining Unicode char U+201E (decimal 8222)
   defining Unicode char U+2030 (decimal 8240)
   defining Unicode char U+2031 (decimal 8241)
   defining Unicode char U+2039 (decimal 8249)
   defining Unicode char U+203A (decimal 8250)
   defining Unicode char U+2423 (decimal 9251)
)
Now handling font encoding OT1 ...
... processing UTF-8 mapping file for font encoding OT1

("C:\Users\khkimmo\AppData\Local\Programs\MiKTeX 2.9\tex\latex\base\ot1enc.dfu"
File: ot1enc.dfu 2015/09/07 v1.1p UTF-8 support for inputenc
   defining Unicode char U+00A0 (decimal 160)
   defining Unicode char U+00A1 (decimal 161)
   defining Unicode char U+00A3 (decimal 163)
   defining Unicode char U+00AD (decimal 173)
   defining Unicode char U+00B8 (decimal 184)
   defining Unicode char U+00BF (decimal 191)
   defining Unicode char U+00C5 (decimal 197)
   defining Unicode char U+00C6 (decimal 198)
   defining Unicode char U+00D8 (decimal 216)
   defining Unicode char U+00DF (decimal 223)
   defining Unicode char U+00E6 (decimal 230)
   defining Unicode char U+00EC (decimal 236)
   defining Unicode char U+00ED (decimal 237)
   defining Unicode char U+00EE (decimal 238)
   defining Unicode char U+00EF (decimal 239)
   defining Unicode char U+00F8 (decimal 248)
   defining Unicode char U+0131 (decimal 305)
   defining Unicode char U+0141 (decimal 321)
   defining Unicode char U+0142 (decimal 322)
   defining Unicode char U+0152 (decimal 338)
   defining Unicode char U+0153 (decimal 339)
   defining Unicode char U+0174 (decimal 372)
   defining Unicode char U+0175 (decimal 373)
   defining Unicode char U+0176 (decimal 374)
   defining Unicode char U+0177 (decimal 375)
   defining Unicode char U+0218 (decimal 536)
   defining Unicode char U+0219 (decimal 537)
   defining Unicode char U+021A (decimal 538)
   defining Unicode char U+021B (decimal 539)
   defining Unicode char U+2013 (decimal 8211)
   defining Unicode char U+2014 (decimal 8212)
   defining Unicode char U+2018 (decimal 8216)
   defining Unicode char U+2019 (decimal 8217)
   defining Unicode char U+201C (decimal 8220)
   defining Unicode char U+201D (decimal 8221)
)
Now handling font encoding OMS ...
... processing UTF-8 mapping file for font encoding OMS
 ("C:\Users\khkimmo\AppData\Local\Programs\MiKTeX 2.9\tex\latex\base\omsenc.dfu
"
File: omsenc.dfu 2015/09/07 v1.1p UTF-8 support for inputenc
   defining Unicode char U+00A7 (decimal 167)
   defining Unicode char U+00B6 (decimal 182)
   defining Unicode char U+00B7 (decimal 183)
   defining Unicode char U+2020 (decimal 8224)
   defining Unicode char U+2021 (decimal 8225)
   defining Unicode char U+2022 (decimal 8226)
)
Now handling font encoding OMX ...
... no UTF-8 mapping file for font encoding OMX
Now handling font encoding U ...
... no UTF-8 mapping file for font encoding U
   defining Unicode char U+00A9 (decimal 169)
   defining Unicode char U+00AA (decimal 170)
   defining Unicode char U+00AE (decimal 174)
   defining Unicode char U+00BA (decimal 186)
   defining Unicode char U+02C6 (decimal 710)
   defining Unicode char U+02DC (decimal 732)
   defining Unicode char U+200C (decimal 8204)
   defining Unicode char U+2026 (decimal 8230)
   defining Unicode char U+2122 (decimal 8482)
   defining Unicode char U+2423 (decimal 9251)
)) (dgruyter_NEW.sty
Package: dgruyter_NEW 2013/10/15 v0.87 Walter de Gruyter layout
LaTeX Info: Redefining \numberline on input line 137.

("C:\Users\khkimmo\AppData\Local\Programs\MiKTeX 2.9\tex\latex\base\fixltx2e.st
y"
Package: fixltx2e 2015/06/22 v2.0b fixes to LaTeX (obsolete)


Package fixltx2e Warning: fixltx2e is not required with releases after 2015
(fixltx2e)                All fixes are now in the LaTeX kernel.
(fixltx2e)                See the latexrelease package for details.

)
\gridwidth=\dimen103

("C:\Users\khkimmo\AppData\Local\Programs\MiKTeX 2.9\tex\latex\base\fontenc.sty
"
Package: fontenc 2005/09/27 v1.99g Standard LaTeX package
 ("C:\Users\khkimmo\AppData\Local\Programs\MiKTeX 2.9\tex\latex\base\t1enc.def"
File: t1enc.def 2005/09/27 v1.99g Standard LaTeX file
LaTeX Font Info:    Redeclaring font encoding T1 on input line 48.
))
("C:\Users\khkimmo\AppData\Local\Programs\MiKTeX 2.9\tex\latex\base\textcomp.st
y"
Package: textcomp 2005/09/27 v1.99g Standard LaTeX package
Package textcomp Info: Sub-encoding information:
(textcomp)               5 = only ISO-Adobe without \textcurrency
(textcomp)               4 = 5 + \texteuro
(textcomp)               3 = 4 + \textohm
(textcomp)               2 = 3 + \textestimated + \textcurrency
(textcomp)               1 = TS1 - \textcircled - \t
(textcomp)               0 = TS1 (full)
(textcomp)             Font families with sub-encoding setting implement
(textcomp)             only a restricted character set as indicated.
(textcomp)             Family '?' is the default used for unknown fonts.
(textcomp)             See the documentation for details.
Package textcomp Info: Setting ? sub-encoding to TS1/1 on input line 79.

("C:\Users\khkimmo\AppData\Local\Programs\MiKTeX 2.9\tex\latex\base\ts1enc.def"
File: ts1enc.def 2001/06/05 v3.0e (jk/car/fm) Standard LaTeX file
Now handling font encoding TS1 ...
... processing UTF-8 mapping file for font encoding TS1
("C:\Users\khkimmo\AppData\Local\Programs\MiKTeX 2.9\tex\latex\base\ts1enc.dfu"
File: ts1enc.dfu 2015/09/07 v1.1p UTF-8 support for inputenc
   defining Unicode char U+00A2 (decimal 162)
   defining Unicode char U+00A3 (decimal 163)
   defining Unicode char U+00A4 (decimal 164)
   defining Unicode char U+00A5 (decimal 165)
   defining Unicode char U+00A6 (decimal 166)
   defining Unicode char U+00A7 (decimal 167)
   defining Unicode char U+00A8 (decimal 168)
   defining Unicode char U+00A9 (decimal 169)
   defining Unicode char U+00AA (decimal 170)
   defining Unicode char U+00AC (decimal 172)
   defining Unicode char U+00AE (decimal 174)
   defining Unicode char U+00AF (decimal 175)
   defining Unicode char U+00B0 (decimal 176)
   defining Unicode char U+00B1 (decimal 177)
   defining Unicode char U+00B2 (decimal 178)
   defining Unicode char U+00B3 (decimal 179)
   defining Unicode char U+00B4 (decimal 180)
   defining Unicode char U+00B5 (decimal 181)
   defining Unicode char U+00B6 (decimal 182)
   defining Unicode char U+00B7 (decimal 183)
   defining Unicode char U+00B9 (decimal 185)
   defining Unicode char U+00BA (decimal 186)
   defining Unicode char U+00BC (decimal 188)
   defining Unicode char U+00BD (decimal 189)
   defining Unicode char U+00BE (decimal 190)
   defining Unicode char U+00D7 (decimal 215)
   defining Unicode char U+00F7 (decimal 247)
   defining Unicode char U+0192 (decimal 402)
   defining Unicode char U+02C7 (decimal 711)
   defining Unicode char U+02D8 (decimal 728)
   defining Unicode char U+02DD (decimal 733)
   defining Unicode char U+0E3F (decimal 3647)
   defining Unicode char U+2016 (decimal 8214)
   defining Unicode char U+2020 (decimal 8224)
   defining Unicode char U+2021 (decimal 8225)
   defining Unicode char U+2022 (decimal 8226)
   defining Unicode char U+2030 (decimal 8240)
   defining Unicode char U+2031 (decimal 8241)
   defining Unicode char U+203B (decimal 8251)
   defining Unicode char U+203D (decimal 8253)
   defining Unicode char U+2044 (decimal 8260)
   defining Unicode char U+204E (decimal 8270)
   defining Unicode char U+2052 (decimal 8274)
   defining Unicode char U+20A1 (decimal 8353)
   defining Unicode char U+20A4 (decimal 8356)
   defining Unicode char U+20A6 (decimal 8358)
   defining Unicode char U+20A9 (decimal 8361)
   defining Unicode char U+20AB (decimal 8363)
   defining Unicode char U+20AC (decimal 8364)
   defining Unicode char U+20B1 (decimal 8369)
   defining Unicode char U+2103 (decimal 8451)
   defining Unicode char U+2116 (decimal 8470)
   defining Unicode char U+2117 (decimal 8471)
   defining Unicode char U+211E (decimal 8478)
   defining Unicode char U+2120 (decimal 8480)
   defining Unicode char U+2122 (decimal 8482)
   defining Unicode char U+2126 (decimal 8486)
   defining Unicode char U+2127 (decimal 8487)
   defining Unicode char U+212E (decimal 8494)
   defining Unicode char U+2190 (decimal 8592)
   defining Unicode char U+2191 (decimal 8593)
   defining Unicode char U+2192 (decimal 8594)
   defining Unicode char U+2193 (decimal 8595)
   defining Unicode char U+2329 (decimal 9001)
   defining Unicode char U+232A (decimal 9002)
   defining Unicode char U+2422 (decimal 9250)
   defining Unicode char U+25E6 (decimal 9702)
   defining Unicode char U+25EF (decimal 9711)
   defining Unicode char U+266A (decimal 9834)
))
LaTeX Info: Redefining \oldstylenums on input line 334.
Package textcomp Info: Setting cmr sub-encoding to TS1/0 on input line 349.
Package textcomp Info: Setting cmss sub-encoding to TS1/0 on input line 350.
Package textcomp Info: Setting cmtt sub-encoding to TS1/0 on input line 351.
Package textcomp Info: Setting cmvtt sub-encoding to TS1/0 on input line 352.
Package textcomp Info: Setting cmbr sub-encoding to TS1/0 on input line 353.
Package textcomp Info: Setting cmtl sub-encoding to TS1/0 on input line 354.
Package textcomp Info: Setting ccr sub-encoding to TS1/0 on input line 355.
Package textcomp Info: Setting ptm sub-encoding to TS1/4 on input line 356.
Package textcomp Info: Setting pcr sub-encoding to TS1/4 on input line 357.
Package textcomp Info: Setting phv sub-encoding to TS1/4 on input line 358.
Package textcomp Info: Setting ppl sub-encoding to TS1/3 on input line 359.
Package textcomp Info: Setting pag sub-encoding to TS1/4 on input line 360.
Package textcomp Info: Setting pbk sub-encoding to TS1/4 on input line 361.
Package textcomp Info: Setting pnc sub-encoding to TS1/4 on input line 362.
Package textcomp Info: Setting pzc sub-encoding to TS1/4 on input line 363.
Package textcomp Info: Setting bch sub-encoding to TS1/4 on input line 364.
Package textcomp Info: Setting put sub-encoding to TS1/5 on input line 365.
Package textcomp Info: Setting uag sub-encoding to TS1/5 on input line 366.
Package textcomp Info: Setting ugq sub-encoding to TS1/5 on input line 367.
Package textcomp Info: Setting ul8 sub-encoding to TS1/4 on input line 368.
Package textcomp Info: Setting ul9 sub-encoding to TS1/4 on input line 369.
Package textcomp Info: Setting augie sub-encoding to TS1/5 on input line 370.
Package textcomp Info: Setting dayrom sub-encoding to TS1/3 on input line 371.
Package textcomp Info: Setting dayroms sub-encoding to TS1/3 on input line 372.

Package textcomp Info: Setting pxr sub-encoding to TS1/0 on input line 373.
Package textcomp Info: Setting pxss sub-encoding to TS1/0 on input line 374.
Package textcomp Info: Setting pxtt sub-encoding to TS1/0 on input line 375.
Package textcomp Info: Setting txr sub-encoding to TS1/0 on input line 376.
Package textcomp Info: Setting txss sub-encoding to TS1/0 on input line 377.
Package textcomp Info: Setting txtt sub-encoding to TS1/0 on input line 378.
Package textcomp Info: Setting lmr sub-encoding to TS1/0 on input line 379.
Package textcomp Info: Setting lmdh sub-encoding to TS1/0 on input line 380.
Package textcomp Info: Setting lmss sub-encoding to TS1/0 on input line 381.
Package textcomp Info: Setting lmssq sub-encoding to TS1/0 on input line 382.
Package textcomp Info: Setting lmvtt sub-encoding to TS1/0 on input line 383.
Package textcomp Info: Setting lmtt sub-encoding to TS1/0 on input line 384.
Package textcomp Info: Setting qhv sub-encoding to TS1/0 on input line 385.
Package textcomp Info: Setting qag sub-encoding to TS1/0 on input line 386.
Package textcomp Info: Setting qbk sub-encoding to TS1/0 on input line 387.
Package textcomp Info: Setting qcr sub-encoding to TS1/0 on input line 388.
Package textcomp Info: Setting qcs sub-encoding to TS1/0 on input line 389.
Package textcomp Info: Setting qpl sub-encoding to TS1/0 on input line 390.
Package textcomp Info: Setting qtm sub-encoding to TS1/0 on input line 391.
Package textcomp Info: Setting qzc sub-encoding to TS1/0 on input line 392.
Package textcomp Info: Setting qhvc sub-encoding to TS1/0 on input line 393.
Package textcomp Info: Setting futs sub-encoding to TS1/4 on input line 394.
Package textcomp Info: Setting futx sub-encoding to TS1/4 on input line 395.
Package textcomp Info: Setting futj sub-encoding to TS1/4 on input line 396.
Package textcomp Info: Setting hlh sub-encoding to TS1/3 on input line 397.
Package textcomp Info: Setting hls sub-encoding to TS1/3 on input line 398.
Package textcomp Info: Setting hlst sub-encoding to TS1/3 on input line 399.
Package textcomp Info: Setting hlct sub-encoding to TS1/5 on input line 400.
Package textcomp Info: Setting hlx sub-encoding to TS1/5 on input line 401.
Package textcomp Info: Setting hlce sub-encoding to TS1/5 on input line 402.
Package textcomp Info: Setting hlcn sub-encoding to TS1/5 on input line 403.
Package textcomp Info: Setting hlcw sub-encoding to TS1/5 on input line 404.
Package textcomp Info: Setting hlcf sub-encoding to TS1/5 on input line 405.
Package textcomp Info: Setting pplx sub-encoding to TS1/3 on input line 406.
Package textcomp Info: Setting pplj sub-encoding to TS1/3 on input line 407.
Package textcomp Info: Setting ptmx sub-encoding to TS1/4 on input line 408.
Package textcomp Info: Setting ptmj sub-encoding to TS1/4 on input line 409.
) ("C:\Users\khkimmo\AppData\Local\Programs\MiKTeX 2.9\tex\latex\tipa\tipa.sty"
Package: tipa 2002/08/08 TIPA version 1.1

("C:\Users\khkimmo\AppData\Local\Programs\MiKTeX 2.9\tex\latex\base\fontenc.sty
"
Package: fontenc 2005/09/27 v1.99g Standard LaTeX package
 ("C:\Users\khkimmo\AppData\Local\Programs\MiKTeX 2.9\tex\latex\tipa\t3enc.def"
File: t3enc.def 2001/12/31 T3 encoding
Now handling font encoding T3 ...
... no UTF-8 mapping file for font encoding T3
LaTeX Font Info:    Try loading font information for T1+cmss on input line 357.

 ("C:\Users\khkimmo\AppData\Local\Programs\MiKTeX 2.9\tex\latex\base\t1cmss.fd"
File: t1cmss.fd 2014/09/29 v2.5h Standard LaTeX font definitions
))
("C:\Users\khkimmo\AppData\Local\Programs\MiKTeX 2.9\tex\latex\base\t1enc.def"
File: t1enc.def 2005/09/27 v1.99g Standard LaTeX file
LaTeX Font Info:    Redeclaring font encoding T1 on input line 48.
))) ("C:\Users\khkimmo\AppData\Local\Programs\MiKTeX 2.9\tex\latex\lm\lmodern.s
ty"
Package: lmodern 2009/10/30 v1.6 Latin Modern Fonts
LaTeX Font Info:    Overwriting symbol font `operators' in version `normal'
(Font)                  OT1/cmr/m/n --> OT1/lmr/m/n on input line 22.
LaTeX Font Info:    Overwriting symbol font `letters' in version `normal'
(Font)                  OML/cmm/m/it --> OML/lmm/m/it on input line 23.
LaTeX Font Info:    Overwriting symbol font `symbols' in version `normal'
(Font)                  OMS/cmsy/m/n --> OMS/lmsy/m/n on input line 24.
LaTeX Font Info:    Overwriting symbol font `largesymbols' in version `normal'
(Font)                  OMX/cmex/m/n --> OMX/lmex/m/n on input line 25.
LaTeX Font Info:    Overwriting symbol font `operators' in version `bold'
(Font)                  OT1/cmr/bx/n --> OT1/lmr/bx/n on input line 26.
LaTeX Font Info:    Overwriting symbol font `letters' in version `bold'
(Font)                  OML/cmm/b/it --> OML/lmm/b/it on input line 27.
LaTeX Font Info:    Overwriting symbol font `symbols' in version `bold'
(Font)                  OMS/cmsy/b/n --> OMS/lmsy/b/n on input line 28.
LaTeX Font Info:    Overwriting symbol font `largesymbols' in version `bold'
(Font)                  OMX/cmex/m/n --> OMX/lmex/m/n on input line 29.
LaTeX Font Info:    Overwriting math alphabet `\mathbf' in version `normal'
(Font)                  OT1/cmr/bx/n --> OT1/lmr/bx/n on input line 31.
LaTeX Font Info:    Overwriting math alphabet `\mathsf' in version `normal'
(Font)                  OT1/cmss/m/n --> OT1/lmss/m/n on input line 32.
LaTeX Font Info:    Overwriting math alphabet `\mathit' in version `normal'
(Font)                  OT1/cmr/m/it --> OT1/lmr/m/it on input line 33.
LaTeX Font Info:    Overwriting math alphabet `\mathtt' in version `normal'
(Font)                  OT1/cmtt/m/n --> OT1/lmtt/m/n on input line 34.
LaTeX Font Info:    Overwriting math alphabet `\mathbf' in version `bold'
(Font)                  OT1/cmr/bx/n --> OT1/lmr/bx/n on input line 35.
LaTeX Font Info:    Overwriting math alphabet `\mathsf' in version `bold'
(Font)                  OT1/cmss/bx/n --> OT1/lmss/bx/n on input line 36.
LaTeX Font Info:    Overwriting math alphabet `\mathit' in version `bold'
(Font)                  OT1/cmr/bx/it --> OT1/lmr/bx/it on input line 37.
LaTeX Font Info:    Overwriting math alphabet `\mathtt' in version `bold'
(Font)                  OT1/cmtt/m/n --> OT1/lmtt/m/n on input line 38.
)
\dg@wordmark=\box26
   defining Unicode char U+2007 (decimal 8199)

("C:\Users\khkimmo\AppData\Local\Programs\MiKTeX 2.9\tex\generic\babel\babel.st
y"
Package: babel 2015/08/03 3.9m The Babel package

*************************************
* Local config file bblopts.cfg used
*

("C:\Users\khkimmo\AppData\Local\Programs\MiKTeX 2.9\tex\latex\00miktex\bblopts
.cfg"
File: bblopts.cfg 2006/07/31 v1.0 MiKTeX 'babel' configuration
)
("C:\Users\khkimmo\AppData\Local\Programs\MiKTeX 2.9\tex\latex\babel-english\en
glish.ldf"
Language: english 2012/08/20 v3.3p English support from the babel system

("C:\Users\khkimmo\AppData\Local\Programs\MiKTeX 2.9\tex\generic\babel\babel.de
f"
File: babel.def 2015/08/03 3.9m Babel common definitions
\babel@savecnt=\count87
\U@D=\dimen104
)
\l@canadian = a dialect from \language\l@american 
\l@australian = a dialect from \language\l@british 
\l@newzealand = a dialect from \language\l@british 
)
("C:\Users\khkimmo\AppData\Local\Programs\MiKTeX 2.9\tex\latex\babel-english\en
glish.ldf"
Language: english 2012/08/20 v3.3p English support from the babel system
))

Package Babel Warning: The package option `english' should not be used
(Babel)                with a more specific one (like `USenglish') on input lin
e 1333.

("C:\Users\khkimmo\AppData\Local\Programs\MiKTeX 2.9\tex\latex\ms\ragged2e.sty"
Package: ragged2e 2009/05/21 v2.1 ragged2e Package (MS)
("C:\Users\khkimmo\AppData\Local\Programs\MiKTeX 2.9\tex\latex\ms\everysel.sty"
Package: everysel 2011/10/28 v1.2 EverySelectfont Package (MS)
)
\CenteringLeftskip=\skip43
\RaggedLeftLeftskip=\skip44
\RaggedRightLeftskip=\skip45
\CenteringRightskip=\skip46
\RaggedLeftRightskip=\skip47
\RaggedRightRightskip=\skip48
\CenteringParfillskip=\skip49
\RaggedLeftParfillskip=\skip50
\RaggedRightParfillskip=\skip51
\JustifyingParfillskip=\skip52
\CenteringParindent=\skip53
\RaggedLeftParindent=\skip54
\RaggedRightParindent=\skip55
\JustifyingParindent=\skip56
)
("C:\Users\khkimmo\AppData\Local\Programs\MiKTeX 2.9\tex\latex\amsmath\amsmath.
sty"
Package: amsmath 2013/01/14 v2.14 AMS math features
\@mathmargin=\skip57

For additional information on amsmath, use the `?' option.

("C:\Users\khkimmo\AppData\Local\Programs\MiKTeX 2.9\tex\latex\amsmath\amstext.
sty"
Package: amstext 2000/06/29 v2.01

("C:\Users\khkimmo\AppData\Local\Programs\MiKTeX 2.9\tex\latex\amsmath\amsgen.s
ty"
File: amsgen.sty 1999/11/30 v2.0
\@emptytoks=\toks16
\ex@=\dimen105
))
("C:\Users\khkimmo\AppData\Local\Programs\MiKTeX 2.9\tex\latex\amsmath\amsbsy.s
ty"
Package: amsbsy 1999/11/29 v1.2d
\pmbraise@=\dimen106
)
("C:\Users\khkimmo\AppData\Local\Programs\MiKTeX 2.9\tex\latex\amsmath\amsopn.s
ty"
Package: amsopn 1999/12/14 v2.01 operator names
)
\inf@bad=\count88
LaTeX Info: Redefining \frac on input line 210.
\uproot@=\count89
\leftroot@=\count90
LaTeX Info: Redefining \overline on input line 306.
\classnum@=\count91
\DOTSCASE@=\count92
LaTeX Info: Redefining \ldots on input line 378.
LaTeX Info: Redefining \dots on input line 381.
LaTeX Info: Redefining \cdots on input line 466.
\Mathstrutbox@=\box27
\strutbox@=\box28
\big@size=\dimen107
LaTeX Font Info:    Redeclaring font encoding OML on input line 566.
LaTeX Font Info:    Redeclaring font encoding OMS on input line 567.
\macc@depth=\count93
\c@MaxMatrixCols=\count94
\dotsspace@=\muskip10
\c@parentequation=\count95
\dspbrk@lvl=\count96
\tag@help=\toks17
\row@=\count97
\column@=\count98
\maxfields@=\count99
\andhelp@=\toks18
\eqnshift@=\dimen108
\alignsep@=\dimen109
\tagshift@=\dimen110
\tagwidth@=\dimen111
\totwidth@=\dimen112
\lineht@=\dimen113
\@envbody=\toks19
\multlinegap=\skip58
\multlinetaggap=\skip59
\mathdisplay@stack=\toks20
LaTeX Info: Redefining \[ on input line 2665.
LaTeX Info: Redefining \] on input line 2666.
)
("C:\Users\khkimmo\AppData\Local\Programs\MiKTeX 2.9\tex\latex\amscls\amsthm.st
y"
Package: amsthm 2015/03/04 v2.20.2
\thm@style=\toks21
\thm@bodyfont=\toks22
\thm@headfont=\toks23
\thm@notefont=\toks24
\thm@headpunct=\toks25
\thm@preskip=\skip60
\thm@postskip=\skip61
\thm@headsep=\skip62
\dth@everypar=\toks26
)
("C:\Users\khkimmo\AppData\Local\Programs\MiKTeX 2.9\tex\latex\graphics\graphic
x.sty"
Package: graphicx 2014/10/28 v1.0g Enhanced LaTeX Graphics (DPC,SPQR)

("C:\Users\khkimmo\AppData\Local\Programs\MiKTeX 2.9\tex\latex\graphics\keyval.
sty"
Package: keyval 2014/10/28 v1.15 key=value parser (DPC)
\KV@toks@=\toks27
)
("C:\Users\khkimmo\AppData\Local\Programs\MiKTeX 2.9\tex\latex\graphics\graphic
s.sty"
Package: graphics 2014/10/28 v1.0p Standard LaTeX Graphics (DPC,SPQR)

("C:\Users\khkimmo\AppData\Local\Programs\MiKTeX 2.9\tex\latex\graphics\trig.st
y"
Package: trig 1999/03/16 v1.09 sin cos tan (DPC)
)
("C:\Users\khkimmo\AppData\Local\Programs\MiKTeX 2.9\tex\latex\00miktex\graphic
s.cfg"
File: graphics.cfg 2007/01/18 v1.5 graphics configuration of teTeX/TeXLive
)
Package graphics Info: Driver file: pdftex.def on input line 94.

("C:\Users\khkimmo\AppData\Local\Programs\MiKTeX 2.9\tex\latex\pdftex-def\pdfte
x.def"
File: pdftex.def 2011/05/27 v0.06d Graphics/color for pdfTeX

("C:\Users\khkimmo\AppData\Local\Programs\MiKTeX 2.9\tex\generic\oberdiek\infwa
rerr.sty"
Package: infwarerr 2010/04/08 v1.3 Providing info/warning/error messages (HO)
)
("C:\Users\khkimmo\AppData\Local\Programs\MiKTeX 2.9\tex\generic\oberdiek\ltxcm
ds.sty"
Package: ltxcmds 2011/11/09 v1.22 LaTeX kernel commands for general use (HO)
)
\Gread@gobject=\count100
))
\Gin@req@height=\dimen114
\Gin@req@width=\dimen115
)
("C:\Users\khkimmo\AppData\Local\Programs\MiKTeX 2.9\tex\latex\tools\array.sty"
Package: array 2014/10/28 v2.4c Tabular extension package (FMi)
\col@sep=\dimen116
\extrarowheight=\dimen117
\NC@list=\toks28
\extratabsurround=\skip63
\backup@length=\skip64
)
("C:\Users\khkimmo\AppData\Local\Programs\MiKTeX 2.9\tex\latex\multirow\multiro
w.sty"
\bigstrutjot=\dimen118
)
("C:\Users\khkimmo\AppData\Local\Programs\MiKTeX 2.9\tex\latex\tools\tabularx.s
ty"
Package: tabularx 2014/10/28 v2.10 `tabularx' package (DPC)
\TX@col@width=\dimen119
\TX@old@table=\dimen120
\TX@old@col=\dimen121
\TX@target=\dimen122
\TX@delta=\dimen123
\TX@cols=\count101
\TX@ftn=\toks29
)
("C:\Users\khkimmo\AppData\Local\Programs\MiKTeX 2.9\tex\latex\multirow\bigstru
t.sty")
("C:\Users\khkimmo\AppData\Local\Programs\MiKTeX 2.9\tex\latex\supertabular\sup
ertabular.sty"
Package: supertabular 2004/02/20 v4.1e the supertabular environment
\c@tracingst=\count102
\ST@wd=\dimen124
\ST@rightskip=\skip65
\ST@leftskip=\skip66
\ST@parfillskip=\skip67
\ST@pageleft=\dimen125
\ST@headht=\dimen126
\ST@tailht=\dimen127
\ST@pagesofar=\dimen128
\ST@pboxht=\dimen129
\ST@lineht=\dimen130
\ST@stretchht=\dimen131
\ST@prevht=\dimen132
\ST@toadd=\dimen133
\ST@dimen=\dimen134
\ST@pbox=\box29
)
("C:\Users\khkimmo\AppData\Local\Programs\MiKTeX 2.9\tex\latex\booktabs\booktab
s.sty"
Package: booktabs 2005/04/14 v1.61803 publication quality tables
\heavyrulewidth=\dimen135
\lightrulewidth=\dimen136
\cmidrulewidth=\dimen137
\belowrulesep=\dimen138
\belowbottomsep=\dimen139
\aboverulesep=\dimen140
\abovetopsep=\dimen141
\cmidrulesep=\dimen142
\cmidrulekern=\dimen143
\defaultaddspace=\dimen144
\@cmidla=\count103
\@cmidlb=\count104
\@aboverulesep=\dimen145
\@belowrulesep=\dimen146
\@thisruleclass=\count105
\@lastruleclass=\count106
\@thisrulewidth=\dimen147
)
("C:\Users\khkimmo\AppData\Local\Programs\MiKTeX 2.9\tex\latex\tools\multicol.s
ty"
Package: multicol 2015/08/19 v1.8n multicolumn formatting (FMi)
\c@tracingmulticols=\count107


Package multicol Warning: May not work with the twocolumn option on input line 
150.

\mult@box=\box30
\multicol@leftmargin=\dimen148
\c@unbalance=\count108
\c@collectmore=\count109
\doublecol@number=\count110
\multicoltolerance=\count111
\multicolpretolerance=\count112
\full@width=\dimen149
\page@free=\dimen150
\premulticols=\dimen151
\postmulticols=\dimen152
\multicolsep=\skip68
\multicolbaselineskip=\skip69
\partial@page=\box31
\last@line=\box32
\maxbalancingoverflow=\dimen153
\mult@rightbox=\box33
\mult@grightbox=\box34
\mult@gfirstbox=\box35
\mult@firstbox=\box36
\@tempa=\box37
\@tempa=\box38
\@tempa=\box39
\@tempa=\box40
\@tempa=\box41
\@tempa=\box42
\@tempa=\box43
\@tempa=\box44
\@tempa=\box45
\@tempa=\box46
\@tempa=\box47
\@tempa=\box48
\@tempa=\box49
\@tempa=\box50
\@tempa=\box51
\@tempa=\box52
\@tempa=\box53
\c@columnbadness=\count113
\c@finalcolumnbadness=\count114
\last@try=\dimen154
\multicolovershoot=\dimen155
\multicolundershoot=\dimen156
\mult@nat@firstbox=\box54
\colbreak@box=\box55
\mc@col@check@num=\count115
)
("C:\Users\khkimmo\AppData\Local\Programs\MiKTeX 2.9\tex\latex\caption\caption.
sty"
Package: caption 2015/09/17 v3.3-111 Customizing captions (AR)

("C:\Users\khkimmo\AppData\Local\Programs\MiKTeX 2.9\tex\latex\caption\caption3
.sty"
Package: caption3 2015/09/20 v1.7-115 caption3 kernel (AR)
Package caption3 Info: TeX engine: e-TeX on input line 57.
\captionmargin=\dimen157
\captionmargin@=\dimen158
\captionwidth=\dimen159
\caption@tempdima=\dimen160
\caption@indent=\dimen161
\caption@parindent=\dimen162
\caption@hangindent=\dimen163
)
\c@ContinuedFloat=\count116
Package caption Info: supertabular package is loaded.
)
("C:\Users\khkimmo\AppData\Local\Programs\MiKTeX 2.9\tex\latex\sidecap\sidecap.
sty"
Package: sidecap 2003/06/06 v1.6f SideCap Package (RN/HjG)

("C:\Users\khkimmo\AppData\Local\Programs\MiKTeX 2.9\tex\latex\base\ifthen.sty"
Package: ifthen 2014/09/29 v1.1c Standard LaTeX ifthen package (DPC)
)
\SC@BOXWD=\dimen164
\SC@CAPWD=\dimen165
\SC@tempdima=\dimen166
\SC@tempdimb=\dimen167
\c@SC@C=\count117
\SC@BOX=\box56
)
("C:\Users\khkimmo\AppData\Local\Programs\MiKTeX 2.9\tex\latex\rotating\rotatin
g.sty"
Package: rotating 2009/03/28 v2.16a rotated objects in LaTeX
\c@r@tfl@t=\count118
\rotFPtop=\skip70
\rotFPbot=\skip71
\rot@float@box=\box57
\rot@mess@toks=\toks30
)
("C:\Users\khkimmo\AppData\Local\Programs\MiKTeX 2.9\tex\latex\natbib\natbib.st
y"
Package: natbib 2010/09/13 8.31b (PWD, AO)
\bibhang=\skip72
\bibsep=\skip73
LaTeX Info: Redefining \cite on input line 694.
\c@NAT@ctr=\count119
)
("C:\Users\khkimmo\AppData\Local\Programs\MiKTeX 2.9\tex\latex\base\makeidx.sty
"
Package: makeidx 2014/09/29 v1.0m Standard LaTeX package
)
\@indexfile=\write3
\openout3 = `paperproposal.idx'.


Writing index file paperproposal.idx

("C:\Users\khkimmo\AppData\Local\Programs\MiKTeX 2.9\tex\latex\lineno\lineno.st
y"
Package: lineno 2005/11/02 line numbers on paragraphs v4.41
\linenopenalty=\count120
\output=\toks31
\linenoprevgraf=\count121
\linenumbersep=\dimen168
\linenumberwidth=\dimen169
\c@linenumber=\count122
\c@pagewiselinenumber=\count123
\c@LN@truepage=\count124
\c@internallinenumber=\count125
\c@internallinenumbers=\count126
\quotelinenumbersep=\dimen170
\bframerule=\dimen171
\bframesep=\dimen172
\bframebox=\box58
LaTeX Info: Redefining \\ on input line 3056.
) ("C:\Users\khkimmo\AppData\Local\Programs\MiKTeX 2.9\tex\latex\url\url.sty"
\Urlmuskip=\muskip11
Package: url 2013/09/16  ver 3.4  Verb mode for urls, etc.
)
("C:\Users\khkimmo\AppData\Local\Programs\MiKTeX 2.9\tex\latex\hyperref\hyperre
f.sty"
Package: hyperref 2012/11/06 v6.83m Hypertext links for LaTeX

("C:\Users\khkimmo\AppData\Local\Programs\MiKTeX 2.9\tex\generic\oberdiek\hobsu
b-hyperref.sty"
Package: hobsub-hyperref 2012/04/25 v1.12 Bundle oberdiek, subset hyperref (HO)


("C:\Users\khkimmo\AppData\Local\Programs\MiKTeX 2.9\tex\generic\oberdiek\hobsu
b-generic.sty"
Package: hobsub-generic 2012/04/25 v1.12 Bundle oberdiek, subset generic (HO)
Package: hobsub 2012/04/25 v1.12 Construct package bundles (HO)
Package hobsub Info: Skipping package `infwarerr' (already loaded).
Package hobsub Info: Skipping package `ltxcmds' (already loaded).
Package: ifluatex 2010/03/01 v1.3 Provides the ifluatex switch (HO)
Package ifluatex Info: LuaTeX not detected.
Package: ifvtex 2010/03/01 v1.5 Detect VTeX and its facilities (HO)
Package ifvtex Info: VTeX not detected.
Package: intcalc 2007/09/27 v1.1 Expandable calculations with integers (HO)
Package: ifpdf 2011/01/30 v2.3 Provides the ifpdf switch (HO)
Package ifpdf Info: pdfTeX in PDF mode is detected.
Package: etexcmds 2011/02/16 v1.5 Avoid name clashes with e-TeX commands (HO)
Package etexcmds Info: Could not find \expanded.
(etexcmds)             That can mean that you are not using pdfTeX 1.50 or
(etexcmds)             that some package has redefined \expanded.
(etexcmds)             In the latter case, load this package earlier.
Package: kvsetkeys 2012/04/25 v1.16 Key value parser (HO)
Package: kvdefinekeys 2011/04/07 v1.3 Define keys (HO)
Package: pdftexcmds 2011/11/29 v0.20 Utility functions of pdfTeX for LuaTeX (HO
)
Package pdftexcmds Info: LuaTeX not detected.
Package pdftexcmds Info: \pdf@primitive is available.
Package pdftexcmds Info: \pdf@ifprimitive is available.
Package pdftexcmds Info: \pdfdraftmode found.
Package: pdfescape 2011/11/25 v1.13 Implements pdfTeX's escape features (HO)
Package: bigintcalc 2012/04/08 v1.3 Expandable calculations on big integers (HO
)
Package: bitset 2011/01/30 v1.1 Handle bit-vector datatype (HO)
Package: uniquecounter 2011/01/30 v1.2 Provide unlimited unique counter (HO)
)
Package hobsub Info: Skipping package `hobsub' (already loaded).
Package: letltxmacro 2010/09/02 v1.4 Let assignment for LaTeX macros (HO)
Package: hopatch 2011/06/24 v1.1 Wrapper for package hooks (HO)
Package: xcolor-patch 2011/01/30 xcolor patch
Package: atveryend 2011/06/30 v1.8 Hooks at the very end of document (HO)
Package atveryend Info: \enddocument detected (standard20110627).
Package: atbegshi 2011/10/05 v1.16 At begin shipout hook (HO)
Package: refcount 2011/10/16 v3.4 Data extraction from label references (HO)
Package: hycolor 2011/01/30 v1.7 Color options for hyperref/bookmark (HO)
)
("C:\Users\khkimmo\AppData\Local\Programs\MiKTeX 2.9\tex\generic\ifxetex\ifxete
x.sty"
Package: ifxetex 2010/09/12 v0.6 Provides ifxetex conditional
)
("C:\Users\khkimmo\AppData\Local\Programs\MiKTeX 2.9\tex\latex\oberdiek\auxhook
.sty"
Package: auxhook 2011/03/04 v1.3 Hooks for auxiliary files (HO)
)
("C:\Users\khkimmo\AppData\Local\Programs\MiKTeX 2.9\tex\latex\oberdiek\kvoptio
ns.sty"
Package: kvoptions 2011/06/30 v3.11 Key value format for package options (HO)
)
\@linkdim=\dimen173
\Hy@linkcounter=\count127
\Hy@pagecounter=\count128

("C:\Users\khkimmo\AppData\Local\Programs\MiKTeX 2.9\tex\latex\hyperref\pd1enc.
def"
File: pd1enc.def 2012/11/06 v6.83m Hyperref: PDFDocEncoding definition (HO)
Now handling font encoding PD1 ...
... no UTF-8 mapping file for font encoding PD1
)
\Hy@SavedSpaceFactor=\count129

("C:\Users\khkimmo\AppData\Local\Programs\MiKTeX 2.9\tex\latex\00miktex\hyperre
f.cfg"
File: hyperref.cfg 2002/06/06 v1.2 hyperref configuration of TeXLive
)
Package hyperref Info: Option `breaklinks' set `true' on input line 4319.
Package hyperref Info: Option `linktocpage' set `true' on input line 4319.
Package hyperref Info: Option `bookmarksnumbered' set `true' on input line 4319
.
Package hyperref Info: Hyper figures OFF on input line 4443.
Package hyperref Info: Link nesting OFF on input line 4448.
Package hyperref Info: Hyper index ON on input line 4451.
Package hyperref Info: Plain pages OFF on input line 4458.
Package hyperref Info: Backreferencing OFF on input line 4463.
Package hyperref Info: Implicit mode ON; LaTeX internals redefined.
Package hyperref Info: Bookmarks ON on input line 4688.
\c@Hy@tempcnt=\count130
LaTeX Info: Redefining \url on input line 5041.
\XeTeXLinkMargin=\dimen174
\Fld@menulength=\count131
\Field@Width=\dimen175
\Fld@charsize=\dimen176
Package hyperref Info: Hyper figures OFF on input line 6295.
Package hyperref Info: Link nesting OFF on input line 6300.
Package hyperref Info: Hyper index ON on input line 6303.
Package hyperref Info: backreferencing OFF on input line 6310.
Package hyperref Info: Link coloring OFF on input line 6315.
Package hyperref Info: Link coloring with OCG OFF on input line 6320.
Package hyperref Info: PDF/A mode OFF on input line 6325.
LaTeX Info: Redefining \ref on input line 6365.
LaTeX Info: Redefining \pageref on input line 6369.
\Hy@abspage=\count132
\c@Item=\count133
\c@Hfootnote=\count134
)

Package hyperref Message: Driver (autodetected): hpdftex.


("C:\Users\khkimmo\AppData\Local\Programs\MiKTeX 2.9\tex\latex\hyperref\hpdftex
.def"
File: hpdftex.def 2012/11/06 v6.83m Hyperref driver for pdfTeX
\Fld@listcount=\count135
\c@bookmark@seq@number=\count136

("C:\Users\khkimmo\AppData\Local\Programs\MiKTeX 2.9\tex\latex\oberdiek\rerunfi
lecheck.sty"
Package: rerunfilecheck 2011/04/15 v1.7 Rerun checks for auxiliary files (HO)
Package uniquecounter Info: New unique counter `rerunfilecheck' on input line 2
82.
)
\Hy@SectionHShift=\skip74
)
("C:\Users\khkimmo\AppData\Local\Programs\MiKTeX 2.9\tex\latex\doi\doi.sty"
Package: doi 2007/07/24 handle doi numbers
)
("C:\Users\khkimmo\AppData\Local\Programs\MiKTeX 2.9\tex\latex\footmisc\footmis
c.sty"
Package: footmisc 2011/06/06 v5.5b a miscellany of footnote facilities
\FN@temptoken=\toks32
\footnotemargin=\dimen177
\c@pp@next@reset=\count137
Package footmisc Info: Declaring symbol style bringhurst on input line 855.
Package footmisc Info: Declaring symbol style chicago on input line 863.
Package footmisc Info: Declaring symbol style wiley on input line 872.
Package footmisc Info: Declaring symbol style lamport-robust on input line 883.

Package footmisc Info: Declaring symbol style lamport* on input line 903.
Package footmisc Info: Declaring symbol style lamport*-robust on input line 924
.
)
("C:\Users\khkimmo\AppData\Local\Programs\MiKTeX 2.9\tex\latex\ncctools\manyfoo
t.sty"
Package: manyfoot 2005/09/11 v1.10 Many Footnote Levels Package (NCC)

("C:\Users\khkimmo\AppData\Local\Programs\MiKTeX 2.9\tex\latex\ncctools\nccfoot
s.sty"
Package: nccfoots 2005/02/03 v1.2 NCC Footnotes Package (NCC)
)
\MFL@columnwidth=\dimen178
\footglue=\skip75
)
\footinsA=\insert199
\c@footnoteA=\count138

("C:\Users\khkimmo\AppData\Local\Programs\MiKTeX 2.9\tex\latex\preprint\authblk
.sty"
Package: authblk 2001/02/27 1.3 (PWD)
\affilsep=\skip76
\@affilsep=\skip77
\c@Maxaffil=\count139
\c@authors=\count140
\c@affil=\count141
)
("C:\Users\khkimmo\AppData\Local\Programs\MiKTeX 2.9\tex\latex\lastpage\lastpag
e.sty"
Package: lastpage 2015/03/29 v1.2m Refers to last page's name (HMM; JPG)
))
("C:\Users\khkimmo\AppData\Local\Programs\MiKTeX 2.9\tex\latex\misc\etex.sty"
Package: etex 2015/09/02 v2.4 eTeX basic definition package (PEB,DPC)
\et@xins=\count142
)
("C:\Users\khkimmo\AppData\Local\Programs\MiKTeX 2.9\tex\latex\oberdiek\pdflsca
pe.sty"
Package: pdflscape 2008/08/11 v0.10 Display of landscape pages in PDF (HO)

("C:\Users\khkimmo\AppData\Local\Programs\MiKTeX 2.9\tex\latex\graphics\lscape.
sty"
Package: lscape 2000/10/22 v3.01 Landscape Pages (DPC)
)
Package pdflscape Info: Auto-detected driver: pdftex on input line 80.
)
("C:\Users\khkimmo\AppData\Local\Programs\MiKTeX 2.9\tex\latex\amsfonts\amsfont
s.sty"
Package: amsfonts 2013/01/14 v3.01 Basic AMSFonts support
\symAMSa=\mathgroup4
\symAMSb=\mathgroup5
LaTeX Font Info:    Overwriting math alphabet `\mathfrak' in version `bold'
(Font)                  U/euf/m/n --> U/euf/b/n on input line 106.
)
("C:\Users\khkimmo\AppData\Local\Programs\MiKTeX 2.9\tex\latex\amsfonts\amssymb
.sty"
Package: amssymb 2013/01/14 v3.01 AMS font symbols
)
("C:\Users\khkimmo\AppData\Local\Programs\MiKTeX 2.9\tex\latex\mathtools\mathto
ols.sty"
Package: mathtools 2015/11/12 v1.18 mathematical typesetting tools

("C:\Users\khkimmo\AppData\Local\Programs\MiKTeX 2.9\tex\latex\tools\calc.sty"
Package: calc 2014/10/28 v4.3 Infix arithmetic (KKT,FJ)
\calc@Acount=\count143
\calc@Bcount=\count144
\calc@Adimen=\dimen179
\calc@Bdimen=\dimen180
\calc@Askip=\skip78
\calc@Bskip=\skip79
LaTeX Info: Redefining \setlength on input line 80.
LaTeX Info: Redefining \addtolength on input line 81.
\calc@Ccount=\count145
\calc@Cskip=\skip80
)
("C:\Users\khkimmo\AppData\Local\Programs\MiKTeX 2.9\tex\latex\mathtools\mhsetu
p.sty"
Package: mhsetup 2010/01/21 v1.2a programming setup (MH)
)
LaTeX Info: Thecontrolsequence`\('isalreadyrobust on input line 129.
LaTeX Info: Thecontrolsequence`\)'isalreadyrobust on input line 129.
LaTeX Info: Thecontrolsequence`\['isalreadyrobust on input line 129.
LaTeX Info: Thecontrolsequence`\]'isalreadyrobust on input line 129.
\g_MT_multlinerow_int=\count146
\l_MT_multwidth_dim=\dimen181
\origjot=\skip81
\l_MT_shortvdotswithinadjustabove_dim=\dimen182
\l_MT_shortvdotswithinadjustbelow_dim=\dimen183
\l_MT_above_intertext_sep=\dimen184
\l_MT_below_intertext_sep=\dimen185
\l_MT_above_shortintertext_sep=\dimen186
\l_MT_below_shortintertext_sep=\dimen187
)
("C:\Users\khkimmo\AppData\Local\Programs\MiKTeX 2.9\tex\latex\paralist\paralis
t.sty"
Package: paralist 2015/12/30 v2.5 Extended list environments
\pltopsep=\skip82
\plpartopsep=\skip83
\plitemsep=\skip84
\plparsep=\skip85
\pl@lab=\toks33
)
("C:\Users\khkimmo\AppData\Local\Programs\MiKTeX 2.9\tex\latex\threeparttable\t
hreeparttable.sty"
Package: threeparttable 2003/06/13  v 3.0
\@tempboxb=\box59
)
("C:\Users\khkimmo\AppData\Local\Programs\MiKTeX 2.9\tex\latex\xcolor\xcolor.st
y"
Package: xcolor 2007/01/21 v2.11 LaTeX color extensions (UK)

("C:\Users\khkimmo\AppData\Local\Programs\MiKTeX 2.9\tex\latex\00miktex\color.c
fg"
File: color.cfg 2007/01/18 v1.5 color configuration of teTeX/TeXLive
)
Package xcolor Info: Driver file: pdftex.def on input line 225.

("C:\Users\khkimmo\AppData\Local\Programs\MiKTeX 2.9\tex\latex\colortbl\colortb
l.sty"
Package: colortbl 2012/02/13 v1.0a Color table columns (DPC)
\everycr=\toks34
\minrowclearance=\skip86
)
\rownum=\count147
Package xcolor Info: Model `cmy' substituted by `cmy0' on input line 1337.
Package xcolor Info: Model `hsb' substituted by `rgb' on input line 1341.
Package xcolor Info: Model `RGB' extended on input line 1353.
Package xcolor Info: Model `HTML' substituted by `rgb' on input line 1355.
Package xcolor Info: Model `Hsb' substituted by `hsb' on input line 1356.
Package xcolor Info: Model `tHsb' substituted by `hsb' on input line 1357.
Package xcolor Info: Model `HSB' substituted by `hsb' on input line 1358.
Package xcolor Info: Model `Gray' substituted by `gray' on input line 1359.
Package xcolor Info: Model `wave' substituted by `hsb' on input line 1360.
)
("C:\Users\khkimmo\AppData\Local\Programs\MiKTeX 2.9\tex\latex\algorithms\algor
ithm.sty"
Package: algorithm 2009/08/24 v0.1 Document Style `algorithm' - floating enviro
nment

("C:\Users\khkimmo\AppData\Local\Programs\MiKTeX 2.9\tex\latex\float\float.sty"
Package: float 2001/11/08 v1.3d Float enhancements (AL)
\c@float@type=\count148
\float@exts=\toks35
\float@box=\box60
\@float@everytoks=\toks36
\@floatcapt=\box61
)
\@float@every@algorithm=\toks37
\c@algorithm=\count149
)
("C:\Users\khkimmo\AppData\Local\Programs\MiKTeX 2.9\tex\latex\algorithmicx\alg
pseudocode.sty"
Package: algpseudocode 

("C:\Users\khkimmo\AppData\Local\Programs\MiKTeX 2.9\tex\latex\algorithmicx\alg
orithmicx.sty"
Package: algorithmicx 2005/04/27 v1.2 Algorithmicx

Document Style algorithmicx 1.2 - a greatly improved `algorithmic' style
\c@ALG@line=\count150
\c@ALG@rem=\count151
\c@ALG@nested=\count152
\ALG@tlm=\skip87
\ALG@thistlm=\skip88
\c@ALG@Lnr=\count153
\c@ALG@blocknr=\count154
\c@ALG@storecount=\count155
\c@ALG@tmpcounter=\count156
\ALG@tmplength=\skip89
)
Document Style - pseudocode environments for use with the `algorithmicx' style
)
("C:\Users\khkimmo\AppData\Local\Programs\MiKTeX 2.9\tex\latex\tools\enumerate.
sty"
Package: enumerate 2015/07/23 v3.00 enumerate extensions (DPC)
\@enLab=\toks38
)
("C:\Users\khkimmo\AppData\Local\Programs\MiKTeX 2.9\tex\latex\tools\xspace.sty
"
Package: xspace 2014/10/28 v1.13 Space after command names (DPC,MH)
)
("C:\Users\khkimmo\AppData\Local\Programs\MiKTeX 2.9\tex\latex\enumitem\enumite
m.sty"
Package: enumitem 2011/09/28 v3.5.2 Customized lists
\labelindent=\skip90
\enit@outerparindent=\dimen188
\enit@toks=\toks39
\enit@inbox=\box62
\enitdp@description=\count157
)
\c@theorem=\count158

("C:\Users\khkimmo\AppData\Local\Programs\MiKTeX 2.9\tex\latex\pgf\frontendlaye
r\tikz.sty"
("C:\Users\khkimmo\AppData\Local\Programs\MiKTeX 2.9\tex\latex\pgf\basiclayer\p
gf.sty"
("C:\Users\khkimmo\AppData\Local\Programs\MiKTeX 2.9\tex\latex\pgf\utilities\pg
frcs.sty"
("C:\Users\khkimmo\AppData\Local\Programs\MiKTeX 2.9\tex\generic\pgf\utilities\
pgfutil-common.tex"
\pgfutil@everybye=\toks40
\pgfutil@tempdima=\dimen189
\pgfutil@tempdimb=\dimen190

("C:\Users\khkimmo\AppData\Local\Programs\MiKTeX 2.9\tex\generic\pgf\utilities\
pgfutil-common-lists.tex"))
("C:\Users\khkimmo\AppData\Local\Programs\MiKTeX 2.9\tex\generic\pgf\utilities\
pgfutil-latex.def"
\pgfutil@abb=\box63

("C:\Users\khkimmo\AppData\Local\Programs\MiKTeX 2.9\tex\latex\ms\everyshi.sty"
Package: everyshi 2001/05/15 v3.00 EveryShipout Package (MS)
))
("C:\Users\khkimmo\AppData\Local\Programs\MiKTeX 2.9\tex\generic\pgf\utilities\
pgfrcs.code.tex"
Package: pgfrcs 2015/08/07 v3.0.1a (rcs-revision 1.31)
))
Package: pgf 2015/08/07 v3.0.1a (rcs-revision 1.15)

("C:\Users\khkimmo\AppData\Local\Programs\MiKTeX 2.9\tex\latex\pgf\basiclayer\p
gfcore.sty"
("C:\Users\khkimmo\AppData\Local\Programs\MiKTeX 2.9\tex\latex\pgf\systemlayer\
pgfsys.sty"
("C:\Users\khkimmo\AppData\Local\Programs\MiKTeX 2.9\tex\generic\pgf\systemlaye
r\pgfsys.code.tex"
Package: pgfsys 2014/07/09 v3.0.1a (rcs-revision 1.48)

("C:\Users\khkimmo\AppData\Local\Programs\MiKTeX 2.9\tex\generic\pgf\utilities\
pgfkeys.code.tex"
\pgfkeys@pathtoks=\toks41
\pgfkeys@temptoks=\toks42

("C:\Users\khkimmo\AppData\Local\Programs\MiKTeX 2.9\tex\generic\pgf\utilities\
pgfkeysfiltered.code.tex"
\pgfkeys@tmptoks=\toks43
))
\pgf@x=\dimen191
\pgf@y=\dimen192
\pgf@xa=\dimen193
\pgf@ya=\dimen194
\pgf@xb=\dimen195
\pgf@yb=\dimen196
\pgf@xc=\dimen197
\pgf@yc=\dimen198
\w@pgf@writea=\write4
\r@pgf@reada=\read1
\c@pgf@counta=\count159
\c@pgf@countb=\count160
\c@pgf@countc=\count161
\c@pgf@countd=\count162
\t@pgf@toka=\toks44
\t@pgf@tokb=\toks45
\t@pgf@tokc=\toks46

("C:\Users\khkimmo\AppData\Local\Programs\MiKTeX 2.9\tex\generic\pgf\systemlaye
r\pgf.cfg"
File: pgf.cfg 2008/05/14  (rcs-revision 1.7)
)
Driver file for pgf: pgfsys-pdftex.def

("C:\Users\khkimmo\AppData\Local\Programs\MiKTeX 2.9\tex\generic\pgf\systemlaye
r\pgfsys-pdftex.def"
File: pgfsys-pdftex.def 2014/10/11  (rcs-revision 1.35)

("C:\Users\khkimmo\AppData\Local\Programs\MiKTeX 2.9\tex\generic\pgf\systemlaye
r\pgfsys-common-pdf.def"
File: pgfsys-common-pdf.def 2013/10/10  (rcs-revision 1.13)
)))
("C:\Users\khkimmo\AppData\Local\Programs\MiKTeX 2.9\tex\generic\pgf\systemlaye
r\pgfsyssoftpath.code.tex"
File: pgfsyssoftpath.code.tex 2013/09/09  (rcs-revision 1.9)
\pgfsyssoftpath@smallbuffer@items=\count163
\pgfsyssoftpath@bigbuffer@items=\count164
)
("C:\Users\khkimmo\AppData\Local\Programs\MiKTeX 2.9\tex\generic\pgf\systemlaye
r\pgfsysprotocol.code.tex"
File: pgfsysprotocol.code.tex 2006/10/16  (rcs-revision 1.4)
))
("C:\Users\khkimmo\AppData\Local\Programs\MiKTeX 2.9\tex\generic\pgf\basiclayer
\pgfcore.code.tex"
Package: pgfcore 2010/04/11 v3.0.1a (rcs-revision 1.7)

("C:\Users\khkimmo\AppData\Local\Programs\MiKTeX 2.9\tex\generic\pgf\math\pgfma
th.code.tex"
("C:\Users\khkimmo\AppData\Local\Programs\MiKTeX 2.9\tex\generic\pgf\math\pgfma
thcalc.code.tex"
("C:\Users\khkimmo\AppData\Local\Programs\MiKTeX 2.9\tex\generic\pgf\math\pgfma
thutil.code.tex")
("C:\Users\khkimmo\AppData\Local\Programs\MiKTeX 2.9\tex\generic\pgf\math\pgfma
thparser.code.tex"
Normal \dimen register pool exhausted, switching to extended pool.
\pgfmath@dimen=\dimen256
\pgfmath@count=\count165
\pgfmath@box=\box64
\pgfmath@toks=\toks47
\pgfmath@stack@operand=\toks48
\pgfmath@stack@operation=\toks49
)
("C:\Users\khkimmo\AppData\Local\Programs\MiKTeX 2.9\tex\generic\pgf\math\pgfma
thfunctions.code.tex"
("C:\Users\khkimmo\AppData\Local\Programs\MiKTeX 2.9\tex\generic\pgf\math\pgfma
thfunctions.basic.code.tex")
("C:\Users\khkimmo\AppData\Local\Programs\MiKTeX 2.9\tex\generic\pgf\math\pgfma
thfunctions.trigonometric.code.tex")
("C:\Users\khkimmo\AppData\Local\Programs\MiKTeX 2.9\tex\generic\pgf\math\pgfma
thfunctions.random.code.tex")
("C:\Users\khkimmo\AppData\Local\Programs\MiKTeX 2.9\tex\generic\pgf\math\pgfma
thfunctions.comparison.code.tex")
("C:\Users\khkimmo\AppData\Local\Programs\MiKTeX 2.9\tex\generic\pgf\math\pgfma
thfunctions.base.code.tex")
("C:\Users\khkimmo\AppData\Local\Programs\MiKTeX 2.9\tex\generic\pgf\math\pgfma
thfunctions.round.code.tex")
("C:\Users\khkimmo\AppData\Local\Programs\MiKTeX 2.9\tex\generic\pgf\math\pgfma
thfunctions.misc.code.tex")
("C:\Users\khkimmo\AppData\Local\Programs\MiKTeX 2.9\tex\generic\pgf\math\pgfma
thfunctions.integerarithmetics.code.tex")))
("C:\Users\khkimmo\AppData\Local\Programs\MiKTeX 2.9\tex\generic\pgf\math\pgfma
thfloat.code.tex"
\c@pgfmathroundto@lastzeros=\count166
))
("C:\Users\khkimmo\AppData\Local\Programs\MiKTeX 2.9\tex\generic\pgf\basiclayer
\pgfcorepoints.code.tex"
File: pgfcorepoints.code.tex 2013/10/07  (rcs-revision 1.27)
\pgf@picminx=\dimen257
\pgf@picmaxx=\dimen258
\pgf@picminy=\dimen259
\pgf@picmaxy=\dimen260
\pgf@pathminx=\dimen261
\pgf@pathmaxx=\dimen262
\pgf@pathminy=\dimen263
\pgf@pathmaxy=\dimen264
\pgf@xx=\dimen265
\pgf@xy=\dimen266
\pgf@yx=\dimen267
\pgf@yy=\dimen268
\pgf@zx=\dimen269
\pgf@zy=\dimen270
)
("C:\Users\khkimmo\AppData\Local\Programs\MiKTeX 2.9\tex\generic\pgf\basiclayer
\pgfcorepathconstruct.code.tex"
File: pgfcorepathconstruct.code.tex 2013/10/07  (rcs-revision 1.29)
\pgf@path@lastx=\dimen271
\pgf@path@lasty=\dimen272
)
("C:\Users\khkimmo\AppData\Local\Programs\MiKTeX 2.9\tex\generic\pgf\basiclayer
\pgfcorepathusage.code.tex"
File: pgfcorepathusage.code.tex 2014/11/02  (rcs-revision 1.24)
\pgf@shorten@end@additional=\dimen273
\pgf@shorten@start@additional=\dimen274
)
("C:\Users\khkimmo\AppData\Local\Programs\MiKTeX 2.9\tex\generic\pgf\basiclayer
\pgfcorescopes.code.tex"
File: pgfcorescopes.code.tex 2015/05/08  (rcs-revision 1.46)
\pgfpic=\box65
\pgf@hbox=\box66
\pgf@layerbox@main=\box67
\pgf@picture@serial@count=\count167
)
("C:\Users\khkimmo\AppData\Local\Programs\MiKTeX 2.9\tex\generic\pgf\basiclayer
\pgfcoregraphicstate.code.tex"
File: pgfcoregraphicstate.code.tex 2014/11/02  (rcs-revision 1.12)
\pgflinewidth=\dimen275
)
("C:\Users\khkimmo\AppData\Local\Programs\MiKTeX 2.9\tex\generic\pgf\basiclayer
\pgfcoretransformations.code.tex"
File: pgfcoretransformations.code.tex 2015/08/07  (rcs-revision 1.20)
\pgf@pt@x=\dimen276
\pgf@pt@y=\dimen277
\pgf@pt@temp=\dimen278
)
("C:\Users\khkimmo\AppData\Local\Programs\MiKTeX 2.9\tex\generic\pgf\basiclayer
\pgfcorequick.code.tex"
File: pgfcorequick.code.tex 2008/10/09  (rcs-revision 1.3)
)
("C:\Users\khkimmo\AppData\Local\Programs\MiKTeX 2.9\tex\generic\pgf\basiclayer
\pgfcoreobjects.code.tex"
File: pgfcoreobjects.code.tex 2006/10/11  (rcs-revision 1.2)
)
("C:\Users\khkimmo\AppData\Local\Programs\MiKTeX 2.9\tex\generic\pgf\basiclayer
\pgfcorepathprocessing.code.tex"
File: pgfcorepathprocessing.code.tex 2013/09/09  (rcs-revision 1.9)
)
("C:\Users\khkimmo\AppData\Local\Programs\MiKTeX 2.9\tex\generic\pgf\basiclayer
\pgfcorearrows.code.tex"
File: pgfcorearrows.code.tex 2015/05/14  (rcs-revision 1.43)
\pgfarrowsep=\dimen279
)
("C:\Users\khkimmo\AppData\Local\Programs\MiKTeX 2.9\tex\generic\pgf\basiclayer
\pgfcoreshade.code.tex"
File: pgfcoreshade.code.tex 2013/07/15  (rcs-revision 1.15)
\pgf@max=\dimen280
\pgf@sys@shading@range@num=\count168
)
("C:\Users\khkimmo\AppData\Local\Programs\MiKTeX 2.9\tex\generic\pgf\basiclayer
\pgfcoreimage.code.tex"
File: pgfcoreimage.code.tex 2013/07/15  (rcs-revision 1.18)

("C:\Users\khkimmo\AppData\Local\Programs\MiKTeX 2.9\tex\generic\pgf\basiclayer
\pgfcoreexternal.code.tex"
File: pgfcoreexternal.code.tex 2014/07/09  (rcs-revision 1.21)
\pgfexternal@startupbox=\box68
))
("C:\Users\khkimmo\AppData\Local\Programs\MiKTeX 2.9\tex\generic\pgf\basiclayer
\pgfcorelayers.code.tex"
File: pgfcorelayers.code.tex 2013/07/18  (rcs-revision 1.7)
)
("C:\Users\khkimmo\AppData\Local\Programs\MiKTeX 2.9\tex\generic\pgf\basiclayer
\pgfcoretransparency.code.tex"
File: pgfcoretransparency.code.tex 2013/09/30  (rcs-revision 1.5)
)
("C:\Users\khkimmo\AppData\Local\Programs\MiKTeX 2.9\tex\generic\pgf\basiclayer
\pgfcorepatterns.code.tex"
File: pgfcorepatterns.code.tex 2013/11/07  (rcs-revision 1.5)
)))
("C:\Users\khkimmo\AppData\Local\Programs\MiKTeX 2.9\tex\generic\pgf\modules\pg
fmoduleshapes.code.tex"
File: pgfmoduleshapes.code.tex 2014/03/21  (rcs-revision 1.35)
\pgfnodeparttextbox=\box69
)
("C:\Users\khkimmo\AppData\Local\Programs\MiKTeX 2.9\tex\generic\pgf\modules\pg
fmoduleplot.code.tex"
File: pgfmoduleplot.code.tex 2015/08/03  (rcs-revision 1.13)
)
("C:\Users\khkimmo\AppData\Local\Programs\MiKTeX 2.9\tex\latex\pgf\compatibilit
y\pgfcomp-version-0-65.sty"
Package: pgfcomp-version-0-65 2007/07/03 v3.0.1a (rcs-revision 1.7)
\pgf@nodesepstart=\dimen281
\pgf@nodesepend=\dimen282
)
("C:\Users\khkimmo\AppData\Local\Programs\MiKTeX 2.9\tex\latex\pgf\compatibilit
y\pgfcomp-version-1-18.sty"
Package: pgfcomp-version-1-18 2007/07/23 v3.0.1a (rcs-revision 1.1)
))
("C:\Users\khkimmo\AppData\Local\Programs\MiKTeX 2.9\tex\latex\pgf\utilities\pg
ffor.sty"
("C:\Users\khkimmo\AppData\Local\Programs\MiKTeX 2.9\tex\latex\pgf\utilities\pg
fkeys.sty"
("C:\Users\khkimmo\AppData\Local\Programs\MiKTeX 2.9\tex\generic\pgf\utilities\
pgfkeys.code.tex"))
("C:\Users\khkimmo\AppData\Local\Programs\MiKTeX 2.9\tex\latex\pgf\math\pgfmath
.sty"
("C:\Users\khkimmo\AppData\Local\Programs\MiKTeX 2.9\tex\generic\pgf\math\pgfma
th.code.tex"))
("C:\Users\khkimmo\AppData\Local\Programs\MiKTeX 2.9\tex\generic\pgf\utilities\
pgffor.code.tex"
Package: pgffor 2013/12/13 v3.0.1a (rcs-revision 1.25)

("C:\Users\khkimmo\AppData\Local\Programs\MiKTeX 2.9\tex\generic\pgf\math\pgfma
th.code.tex")
\pgffor@iter=\dimen283
\pgffor@skip=\dimen284
\pgffor@stack=\toks50
\pgffor@toks=\toks51
))
("C:\Users\khkimmo\AppData\Local\Programs\MiKTeX 2.9\tex\generic\pgf\frontendla
yer\tikz\tikz.code.tex"
Package: tikz 2015/08/07 v3.0.1a (rcs-revision 1.151)

("C:\Users\khkimmo\AppData\Local\Programs\MiKTeX 2.9\tex\generic\pgf\libraries\
pgflibraryplothandlers.code.tex"
File: pgflibraryplothandlers.code.tex 2013/08/31 v3.0.1a (rcs-revision 1.20)
\pgf@plot@mark@count=\count169
\pgfplotmarksize=\dimen285
)
\tikz@lastx=\dimen286
\tikz@lasty=\dimen287
\tikz@lastxsaved=\dimen288
\tikz@lastysaved=\dimen289
\tikzleveldistance=\dimen290
\tikzsiblingdistance=\dimen291
\tikz@figbox=\box70
\tikz@figbox@bg=\box71
\tikz@tempbox=\box72
\tikz@tempbox@bg=\box73
\tikztreelevel=\count170
\tikznumberofchildren=\count171
\tikznumberofcurrentchild=\count172
\tikz@fig@count=\count173

("C:\Users\khkimmo\AppData\Local\Programs\MiKTeX 2.9\tex\generic\pgf\modules\pg
fmodulematrix.code.tex"
File: pgfmodulematrix.code.tex 2013/09/17  (rcs-revision 1.8)
\pgfmatrixcurrentrow=\count174
\pgfmatrixcurrentcolumn=\count175
\pgf@matrix@numberofcolumns=\count176
)
\tikz@expandcount=\count177

("C:\Users\khkimmo\AppData\Local\Programs\MiKTeX 2.9\tex\generic\pgf\frontendla
yer\tikz\libraries\tikzlibrarytopaths.code.tex"
File: tikzlibrarytopaths.code.tex 2008/06/17 v3.0.1a (rcs-revision 1.2)
)))
("C:\Users\khkimmo\AppData\Local\Programs\MiKTeX 2.9\tex\generic\pgf\frontendla
yer\tikz\libraries\tikzlibrarydecorations.pathreplacing.code.tex"
("C:\Users\khkimmo\AppData\Local\Programs\MiKTeX 2.9\tex\generic\pgf\frontendla
yer\tikz\libraries\tikzlibrarydecorations.code.tex"
("C:\Users\khkimmo\AppData\Local\Programs\MiKTeX 2.9\tex\generic\pgf\modules\pg
fmoduledecorations.code.tex"
\pgfdecoratedcompleteddistance=\dimen292
\pgfdecoratedremainingdistance=\dimen293
\pgfdecoratedinputsegmentcompleteddistance=\dimen294
\pgfdecoratedinputsegmentremainingdistance=\dimen295
\pgf@decorate@distancetomove=\dimen296
\pgf@decorate@repeatstate=\count178
\pgfdecorationsegmentamplitude=\dimen297
\pgfdecorationsegmentlength=\dimen298
)
\tikz@lib@dec@box=\box74
)
("C:\Users\khkimmo\AppData\Local\Programs\MiKTeX 2.9\tex\generic\pgf\libraries\
decorations\pgflibrarydecorations.pathreplacing.code.tex"))
("C:\Users\khkimmo\AppData\Local\Programs\MiKTeX 2.9\tex\generic\pgf\frontendla
yer\tikz\libraries\tikzlibraryarrows.code.tex"
File: tikzlibraryarrows.code.tex 2008/01/09 v3.0.1a (rcs-revision 1.1)

("C:\Users\khkimmo\AppData\Local\Programs\MiKTeX 2.9\tex\generic\pgf\libraries\
pgflibraryarrows.code.tex"
File: pgflibraryarrows.code.tex 2013/09/23 v3.0.1a (rcs-revision 1.16)
\arrowsize=\dimen299
))
("C:\Users\khkimmo\AppData\Local\Programs\MiKTeX 2.9\tex\generic\pgf\frontendla
yer\tikz\libraries\tikzlibrarypositioning.code.tex"
File: tikzlibrarypositioning.code.tex 2008/10/06 v3.0.1a (rcs-revision 1.7)
) (paperproposal.aux)
\openout1 = `paperproposal.aux'.

LaTeX Font Info:    Checking defaults for OML/cmm/m/it on input line 122.
LaTeX Font Info:    ... okay on input line 122.
LaTeX Font Info:    Checking defaults for T1/cmr/m/n on input line 122.
LaTeX Font Info:    ... okay on input line 122.
LaTeX Font Info:    Checking defaults for OT1/cmr/m/n on input line 122.
LaTeX Font Info:    ... okay on input line 122.
LaTeX Font Info:    Checking defaults for OMS/cmsy/m/n on input line 122.
LaTeX Font Info:    ... okay on input line 122.
LaTeX Font Info:    Checking defaults for OMX/cmex/m/n on input line 122.
LaTeX Font Info:    ... okay on input line 122.
LaTeX Font Info:    Checking defaults for U/cmr/m/n on input line 122.
LaTeX Font Info:    ... okay on input line 122.
LaTeX Font Info:    Checking defaults for TS1/cmr/m/n on input line 122.
LaTeX Font Info:    Try loading font information for TS1+cmr on input line 122.


("C:\Users\khkimmo\AppData\Local\Programs\MiKTeX 2.9\tex\latex\base\ts1cmr.fd"
File: ts1cmr.fd 2014/09/29 v2.5h Standard LaTeX font definitions
)
LaTeX Font Info:    ... okay on input line 122.
LaTeX Font Info:    Checking defaults for T3/cmr/m/n on input line 122.
LaTeX Font Info:    Try loading font information for T3+cmr on input line 122.
("C:\Users\khkimmo\AppData\Local\Programs\MiKTeX 2.9\tex\latex\tipa\t3cmr.fd"
File: t3cmr.fd 2001/12/31 TIPA font definitions
)
LaTeX Font Info:    ... okay on input line 122.
LaTeX Font Info:    Checking defaults for PD1/pdf/m/n on input line 122.
LaTeX Font Info:    ... okay on input line 122.
LaTeX Font Info:    Try loading font information for T1+lmr on input line 122.

("C:\Users\khkimmo\AppData\Local\Programs\MiKTeX 2.9\tex\latex\lm\t1lmr.fd"
File: t1lmr.fd 2009/10/30 v1.6 Font defs for Latin Modern
)
<dg-degruyter.pdf, id=4, 73.94926pt x 5.25363pt>
File: dg-degruyter.pdf Graphic file (type pdf)
 <use dg-degruyter.pdf>
Package pdftex.def Info: dg-degruyter.pdf used on input line 122.
(pdftex.def)             Requested size: 84.10667pt x 5.97508pt.

ABD: EverySelectfont initializing macros
LaTeX Info: Redefining \selectfont on input line 122.

("C:\Users\khkimmo\AppData\Local\Programs\MiKTeX 2.9\tex\context\base\supp-pdf.
mkii"
[Loading MPS to PDF converter (version 2006.09.02).]
\scratchcounter=\count179
\scratchdimen=\dimen300
\scratchbox=\box75
\nofMPsegments=\count180
\nofMParguments=\count181
\everyMPshowfont=\toks52
\MPscratchCnt=\count182
\MPscratchDim=\dimen301
\MPnumerator=\count183
\makeMPintoPDFobject=\count184
\everyMPtoPDFconversion=\toks53
)
Package caption Info: Begin \AtBeginDocument code.
Package caption Info: float package is loaded.
Package caption Info: hyperref package is loaded.
Package caption Info: rotating package is loaded.
Package caption Info: sidecap package is loaded.
Package caption Info: threeparttable package is loaded.
Package caption Info: End \AtBeginDocument code.
Package caption Info: We need package `ragged2e' on input line 122.
\AtBeginShipoutBox=\box76
Package hyperref Info: Link coloring OFF on input line 122.

("C:\Users\khkimmo\AppData\Local\Programs\MiKTeX 2.9\tex\latex\hyperref\nameref
.sty"
Package: nameref 2012/10/27 v2.43 Cross-referencing by name of section

("C:\Users\khkimmo\AppData\Local\Programs\MiKTeX 2.9\tex\generic\oberdiek\getti
tlestring.sty"
Package: gettitlestring 2010/12/03 v1.4 Cleanup title references (HO)
)
\c@section@level=\count185
)
LaTeX Info: Redefining \ref on input line 122.
LaTeX Info: Redefining \pageref on input line 122.
LaTeX Info: Redefining \nameref on input line 122.
 (paperproposal.out) (paperproposal.out)
\@outlinefile=\write5
\openout5 = `paperproposal.out'.

Package lastpage Info: Please have a look at the pageslts package at
(lastpage)             https://www.ctan.org/pkg/pageslts
(lastpage)             ! on input line 122.

ABD: EveryShipout initializing macros
LaTeX Font Info:    Try loading font information for T1+lmss on input line 174.


("C:\Users\khkimmo\AppData\Local\Programs\MiKTeX 2.9\tex\latex\lm\t1lmss.fd"
File: t1lmss.fd 2009/10/30 v1.6 Font defs for Latin Modern
)
LaTeX Font Info:    Calculating math sizes for size <16.99998> on input line 17
4.
LaTeX Font Info:    Try loading font information for OT1+lmr on input line 174.


("C:\Users\khkimmo\AppData\Local\Programs\MiKTeX 2.9\tex\latex\lm\ot1lmr.fd"
File: ot1lmr.fd 2009/10/30 v1.6 Font defs for Latin Modern
)
LaTeX Font Info:    Try loading font information for OML+lmm on input line 174.


("C:\Users\khkimmo\AppData\Local\Programs\MiKTeX 2.9\tex\latex\lm\omllmm.fd"
File: omllmm.fd 2009/10/30 v1.6 Font defs for Latin Modern
)
LaTeX Font Info:    Try loading font information for OMS+lmsy on input line 174
.

("C:\Users\khkimmo\AppData\Local\Programs\MiKTeX 2.9\tex\latex\lm\omslmsy.fd"
File: omslmsy.fd 2009/10/30 v1.6 Font defs for Latin Modern
)
LaTeX Font Info:    Try loading font information for OMX+lmex on input line 174
.

("C:\Users\khkimmo\AppData\Local\Programs\MiKTeX 2.9\tex\latex\lm\omxlmex.fd"
File: omxlmex.fd 2009/10/30 v1.6 Font defs for Latin Modern
)
LaTeX Font Info:    External font `lmex10' loaded for size
(Font)              <16.99998> on input line 174.
LaTeX Font Info:    External font `lmex10' loaded for size
(Font)              <11.94441> on input line 174.
LaTeX Font Info:    External font `lmex10' loaded for size
(Font)              <8.53175> on input line 174.
LaTeX Font Info:    Try loading font information for U+msa on input line 174.

("C:\Users\khkimmo\AppData\Local\Programs\MiKTeX 2.9\tex\latex\amsfonts\umsa.fd
"
File: umsa.fd 2013/01/14 v3.01 AMS symbols A
)
LaTeX Font Info:    Try loading font information for U+msb on input line 174.

("C:\Users\khkimmo\AppData\Local\Programs\MiKTeX 2.9\tex\latex\amsfonts\umsb.fd
"
File: umsb.fd 2013/01/14 v3.01 AMS symbols B
)
LaTeX Font Info:    External font `lmex10' loaded for size
(Font)              <12> on input line 174.
LaTeX Font Info:    External font `lmex10' loaded for size
(Font)              <8> on input line 174.
LaTeX Font Info:    External font `lmex10' loaded for size
(Font)              <6> on input line 174.
LaTeX Font Info:    External font `lmex10' loaded for size
(Font)              <9.5> on input line 174.
LaTeX Font Info:    External font `lmex10' loaded for size
(Font)              <7> on input line 174.
LaTeX Font Info:    External font `lmex10' loaded for size
(Font)              <5> on input line 174.


pdfTeX warning: pdflatex (file ./by-nc-nd.pdf): PDF inclusion: found PDF versio
n <1.6>, but at most version <1.5> allowed
<by-nc-nd.pdf, id=104, 85.2545pt x 18.3345pt>
File: by-nc-nd.pdf Graphic file (type pdf)
 <use by-nc-nd.pdf>
Package pdftex.def Info: by-nc-nd.pdf used on input line 186.
(pdftex.def)             Requested size: 85.25427pt x 18.33446pt.
 [1{C:/Users/khkimmo/AppData/Local/MiKTeX/2.9/pdftex/config/pdftex.map}

 <./dg-degruyter.pdf> <./by-nc-nd.pdf>]
LaTeX Font Info:    Try loading font information for OT1+lmss on input line 252
.

("C:\Users\khkimmo\AppData\Local\Programs\MiKTeX 2.9\tex\latex\lm\ot1lmss.fd"
File: ot1lmss.fd 2009/10/30 v1.6 Font defs for Latin Modern
)
[2]
LaTeX Font Info:    Try loading font information for T1+lmtt on input line 259.

 ("C:\Users\khkimmo\AppData\Local\Programs\MiKTeX 2.9\tex\latex\lm\t1lmtt.fd"
File: t1lmtt.fd 2009/10/30 v1.6 Font defs for Latin Modern
)
Underfull \hbox (badness 10000) in paragraph at lines 271--274
\T1/lmtt/m/n/9.49998 Dec \T1/lmr/m/n/9.49998 out-puts the unique $[]$ that sat-
is-fies
 []


Underfull \hbox (badness 1142) in paragraph at lines 275--276
[]\T1/lmr/m/n/9.49998 Various ap-proaches of au-then-ti-cated en-cryp-tion
 []

LaTeX Font Info:    Try loading font information for OT1+lmtt on input line 281
.
("C:\Users\khkimmo\AppData\Local\Programs\MiKTeX 2.9\tex\latex\lm\ot1lmtt.fd"
File: ot1lmtt.fd 2009/10/30 v1.6 Font defs for Latin Modern
)
Underfull \hbox (badness 1412) in paragraph at lines 293--295
$\OMS/lmsy/m/n/9.5 f\OT1/lmr/m/n/9.5 0\OML/lmm/m/it/9.5 ; \OT1/lmr/m/n/9.5 1\OM
S/lmsy/m/n/9.5 g[]$ \T1/lmr/m/n/9.49998 such that $[]\OT1/lmr/m/n/9.5 ([]\OML/l
mm/m/it/9.5 ; []; []; []; []\OT1/lmr/m/n/9.5 ) =$
 []

LaTeX Font Info:    External font `lmex10' loaded for size
(Font)              <15> on input line 303.
LaTeX Font Info:    External font `lmex10' loaded for size
(Font)              <10> on input line 303.
[3] [4]
LaTeX Font Info:    Try loading font information for U+lmr on input line 393.
LaTeX Font Info:    No file Ulmr.fd. on input line 393.


LaTeX Font Warning: Font shape `U/lmr/m/n' undefined
(Font)              using `U/cmr/m/n' instead on input line 393.

[5] [6]
Underfull \hbox (badness 1033) in paragraph at lines 670--672
\T1/lmr/m/n/9.49998 or $\OT1/lmr/m/n/9.5 $$\T1/lmr/m/n/9.49998 . Con-sider any 
eval-u-a-tion $[][]$ on in-put of
 []


Overfull \hbox (80.49059pt too wide) in paragraph at lines 684--684
[] 
 []


Overfull \hbox (4.49323pt too wide) in paragraph at lines 673--685
[] 
 []


Underfull \hbox (badness 4084) in paragraph at lines 693--695
\T1/lmr/m/n/9.49998 Next, for au-then-tic-ity, it suf-fices to only fo-cus
 []


Underfull \hbox (badness 1603) in paragraph at lines 693--695
\T1/lmr/m/n/9.49998 on the value $[]$. Con-sider any forgery at-tempt
 []

[7] [8]
LaTeX Font Info:    Font shape `T1/lmss/m/it' in size <8> not available
(Font)              Font shape `T1/lmss/m/sl' tried instead on input line 912.
 [9] [10] [11] (paperproposal.bbl [12])

AED: lastpage setting LastPage
[13

]
Package atveryend Info: Empty hook `BeforeClearDocument' on input line 1032.
Package atveryend Info: Empty hook `AfterLastShipout' on input line 1032.
 (paperproposal.aux)
Package atveryend Info: Executing hook `AtVeryEndDocument' on input line 1032.
Package atveryend Info: Executing hook `AtEndAfterFileList' on input line 1032.

Package rerunfilecheck Info: File `paperproposal.out' has not changed.
(rerunfilecheck)             Checksum: ECB668EB8271C2D5546FFA6229E37105;1340.


LaTeX Font Warning: Some font shapes were not available, defaults substituted.

Package atveryend Info: Empty hook `AtVeryVeryEnd' on input line 1032.
 ) 
Here is how much of TeX's memory you used:
 24270 strings out of 493634
 448587 string characters out of 3134423
 505717 words of memory out of 3000000
 26983 multiletter control sequences out of 15000+200000
 238587 words of font info for 169 fonts, out of 3000000 for 9000
 1025 hyphenation exceptions out of 8191
 55i,26n,66p,1171b,797s stack positions out of 5000i,500n,10000p,200000b,50000s
pdfTeX warning (dest): name{Hfootnote.10} has been referenced but does not ex
ist, replaced by a fixed one

pdfTeX warning (dest): name{Hfootnote.9} has been referenced but does not exist
, replaced by a fixed one

pdfTeX warning (dest): name{Hfootnote.8} has been referenced but does not exist
, replaced by a fixed one

pdfTeX warning (dest): name{Hfootnote.7} has been referenced but does not exist
, replaced by a fixed one

pdfTeX warning (dest): name{Hfootnote.6} has been referenced but does not exist
, replaced by a fixed one

pdfTeX warning (dest): name{Hfootnote.5} has been referenced but does not exist
, replaced by a fixed one

pdfTeX warning (dest): name{Hfootnote.4} has been referenced but does not exist
, replaced by a fixed one

pdfTeX warning (dest): name{Hfootnote.3} has been referenced but does not exist
, replaced by a fixed one

pdfTeX warning (dest): name{Hfootnote.2} has been referenced but does not exist
, replaced by a fixed one

pdfTeX warning (dest): name{Hfootnote.1} has been referenced but does not exist
, replaced by a fixed one

{C:/Users/khkimmo/AppData/Local/Programs/MiKTeX 2.9/fonts/enc/dvips/lm/lm-ec.en
c}{C:/Users/khkimmo/AppData/Local/Programs/MiKTeX 2.9/fonts/enc/dvips/lm/lm-rm.
enc}{C:/Users/khkimmo/AppData/Local/Programs/MiKTeX 2.9/fonts/enc/dvips/lm/lm-m
athit.enc}{C:/Users/khkimmo/AppData/Local/Programs/MiKTeX 2.9/fonts/enc/dvips/l
m/lm-mathsy.enc}{C:/Users/khkimmo/AppData/Local/Programs/MiKTeX 2.9/fonts/enc/d
vips/lm/lm-rmtt.enc}{C:/Users/khkimmo/AppData/Local/Programs/MiKTeX 2.9/fonts/e
nc/dvips/lm/lm-mathex.enc}<C:/Users/khkimmo/AppData/Local/Programs/MiKTeX 2.9/f
onts/type1/public/amsfonts/cm/cmr7.pfb><C:/Users/khkimmo/AppData/Local/Programs
/MiKTeX 2.9/fonts/type1/public/lm/lmbx10.pfb><C:/Users/khkimmo/AppData/Local/Pr
ograms/MiKTeX 2.9/fonts/type1/public/lm/lmbx12.pfb><C:/Users/khkimmo/AppData/Lo
cal/Programs/MiKTeX 2.9/fonts/type1/public/lm/lmbx8.pfb><C:/Users/khkimmo/AppDa
ta/Local/Programs/MiKTeX 2.9/fonts/type1/public/lm/lmbx9.pfb><C:/Users/khkimmo/
AppData/Local/Programs/MiKTeX 2.9/fonts/type1/public/lm/lmcsc10.pfb><C:/Users/k
hkimmo/AppData/Local/Programs/MiKTeX 2.9/fonts/type1/public/lm/lmex10.pfb><C:/U
sers/khkimmo/AppData/Local/Programs/MiKTeX 2.9/fonts/type1/public/lm/lmmi10.pfb
><C:/Users/khkimmo/AppData/Local/Programs/MiKTeX 2.9/fonts/type1/public/lm/lmmi
12.pfb><C:/Users/khkimmo/AppData/Local/Programs/MiKTeX 2.9/fonts/type1/public/l
m/lmmi5.pfb><C:/Users/khkimmo/AppData/Local/Programs/MiKTeX 2.9/fonts/type1/pub
lic/lm/lmmi6.pfb><C:/Users/khkimmo/AppData/Local/Programs/MiKTeX 2.9/fonts/type
1/public/lm/lmmi7.pfb><C:/Users/khkimmo/AppData/Local/Programs/MiKTeX 2.9/fonts
/type1/public/lm/lmmi8.pfb><C:/Users/khkimmo/AppData/Local/Programs/MiKTeX 2.9/
fonts/type1/public/lm/lmr10.pfb><C:/Users/khkimmo/AppData/Local/Programs/MiKTeX
 2.9/fonts/type1/public/lm/lmr12.pfb><C:/Users/khkimmo/AppData/Local/Programs/M
iKTeX 2.9/fonts/type1/public/lm/lmr5.pfb><C:/Users/khkimmo/AppData/Local/Progra
ms/MiKTeX 2.9/fonts/type1/public/lm/lmr6.pfb><C:/Users/khkimmo/AppData/Local/Pr
ograms/MiKTeX 2.9/fonts/type1/public/lm/lmr7.pfb><C:/Users/khkimmo/AppData/Loca
l/Programs/MiKTeX 2.9/fonts/type1/public/lm/lmr8.pfb><C:/Users/khkimmo/AppData/
Local/Programs/MiKTeX 2.9/fonts/type1/public/lm/lmr9.pfb><C:/Users/khkimmo/AppD
ata/Local/Programs/MiKTeX 2.9/fonts/type1/public/lm/lmri10.pfb><C:/Users/khkimm
o/AppData/Local/Programs/MiKTeX 2.9/fonts/type1/public/lm/lmri12.pfb><C:/Users/
khkimmo/AppData/Local/Programs/MiKTeX 2.9/fonts/type1/public/lm/lmri7.pfb><C:/U
sers/khkimmo/AppData/Local/Programs/MiKTeX 2.9/fonts/type1/public/lm/lmri8.pfb>
<C:/Users/khkimmo/AppData/Local/Programs/MiKTeX 2.9/fonts/type1/public/lm/lmri9
.pfb><C:/Users/khkimmo/AppData/Local/Programs/MiKTeX 2.9/fonts/type1/public/lm/
lmss10.pfb><C:/Users/khkimmo/AppData/Local/Programs/MiKTeX 2.9/fonts/type1/publ
ic/lm/lmss12.pfb><C:/Users/khkimmo/AppData/Local/Programs/MiKTeX 2.9/fonts/type
1/public/lm/lmss8.pfb><C:/Users/khkimmo/AppData/Local/Programs/MiKTeX 2.9/fonts
/type1/public/lm/lmss9.pfb><C:/Users/khkimmo/AppData/Local/Programs/MiKTeX 2.9/
fonts/type1/public/lm/lmssbx10.pfb><C:/Users/khkimmo/AppData/Local/Programs/MiK
TeX 2.9/fonts/type1/public/lm/lmsso8.pfb><C:/Users/khkimmo/AppData/Local/Progra
ms/MiKTeX 2.9/fonts/type1/public/lm/lmsy10.pfb><C:/Users/khkimmo/AppData/Local/
Programs/MiKTeX 2.9/fonts/type1/public/lm/lmsy5.pfb><C:/Users/khkimmo/AppData/L
ocal/Programs/MiKTeX 2.9/fonts/type1/public/lm/lmsy6.pfb><C:/Users/khkimmo/AppD
ata/Local/Programs/MiKTeX 2.9/fonts/type1/public/lm/lmsy7.pfb><C:/Users/khkimmo
/AppData/Local/Programs/MiKTeX 2.9/fonts/type1/public/lm/lmsy8.pfb><C:/Users/kh
kimmo/AppData/Local/Programs/MiKTeX 2.9/fonts/type1/public/lm/lmtl10.pfb><C:/Us
ers/khkimmo/AppData/Local/Programs/MiKTeX 2.9/fonts/type1/public/amsfonts/symbo
ls/msbm10.pfb>
Output written on paperproposal.pdf (13 pages, 737395 bytes).
PDF statistics:
 505 PDF objects out of 1000 (max. 8388607)
 96 named destinations out of 1000 (max. 500000)
 175 words of extra memory for PDF output out of 10000 (max. 10000000)

